Replace Part 1k_R1 1K_resistor in C:\Users\User\Documents\MYUTM\Robocon\Electronics\ValvDriver\PCB_Project\Sheet2.SchDoc with 1K_resistor from Schlib1.SchLib
Replace Part 1k_R2 1K_resistor in C:\Users\User\Documents\MYUTM\Robocon\Electronics\ValvDriver\PCB_Project\Sheet2.SchDoc with 1K_resistor from Schlib1.SchLib
Replace Part 1k_R3 1K_resistor in C:\Users\User\Documents\MYUTM\Robocon\Electronics\ValvDriver\PCB_Project\Sheet2.SchDoc with 1K_resistor from Schlib1.SchLib
Replace Part 4.7k_R 4.7k_Resistor in C:\Users\User\Documents\MYUTM\Robocon\Electronics\ValvDriver\PCB_Project\Sheet2.SchDoc with 4.7k_Resistor from Schlib1.SchLib
Replace Part 4.7K_R2 4.7k_Resistor in C:\Users\User\Documents\MYUTM\Robocon\Electronics\ValvDriver\PCB_Project\Sheet2.SchDoc with 4.7k_Resistor from Schlib1.SchLib
Replace Part 4.7k_R3 4.7k_Resistor in C:\Users\User\Documents\MYUTM\Robocon\Electronics\ValvDriver\PCB_Project\Sheet2.SchDoc with 4.7k_Resistor from Schlib1.SchLib
Replace Part 330_R 330_Resistor in C:\Users\User\Documents\MYUTM\Robocon\Electronics\ValvDriver\PCB_Project\Sheet2.SchDoc with 330_Resistor from Schlib1.SchLib
Replace Part 330_R1 330_Resistor in C:\Users\User\Documents\MYUTM\Robocon\Electronics\ValvDriver\PCB_Project\Sheet2.SchDoc with 330_Resistor from Schlib1.SchLib
Replace Part 330_R2 330_Resistor in C:\Users\User\Documents\MYUTM\Robocon\Electronics\ValvDriver\PCB_Project\Sheet2.SchDoc with 330_Resistor from Schlib1.SchLib
Replace Part 330_R3 330_Resistor in C:\Users\User\Documents\MYUTM\Robocon\Electronics\ValvDriver\PCB_Project\Sheet2.SchDoc with 330_Resistor from Schlib1.SchLib
Replace Part 330_R4 330_Resistor in C:\Users\User\Documents\MYUTM\Robocon\Electronics\ValvDriver\PCB_Project\Sheet2.SchDoc with 330_Resistor from Schlib1.SchLib
Replace Part 330_R5 330_Resistor in C:\Users\User\Documents\MYUTM\Robocon\Electronics\ValvDriver\PCB_Project\Sheet2.SchDoc with 330_Resistor from Schlib1.SchLib
Replace Part D Dean_connector in C:\Users\User\Documents\MYUTM\Robocon\Electronics\ValvDriver\PCB_Project\Sheet2.SchDoc with Dean_connector from Schlib1.SchLib
Replace Part D1 Dean_connector in C:\Users\User\Documents\MYUTM\Robocon\Electronics\ValvDriver\PCB_Project\Sheet2.SchDoc with Dean_connector from Schlib1.SchLib
Replace Part D2 Diode in C:\Users\User\Documents\MYUTM\Robocon\Electronics\ValvDriver\PCB_Project\Sheet2.SchDoc with Diode from Schlib1.SchLib
Replace Part D3 Diode in C:\Users\User\Documents\MYUTM\Robocon\Electronics\ValvDriver\PCB_Project\Sheet2.SchDoc with Diode from Schlib1.SchLib
Replace Part D4 Dean_connector in C:\Users\User\Documents\MYUTM\Robocon\Electronics\ValvDriver\PCB_Project\Sheet2.SchDoc with Dean_connector from Schlib1.SchLib
Replace Part D6 Dean_connector in C:\Users\User\Documents\MYUTM\Robocon\Electronics\ValvDriver\PCB_Project\Sheet2.SchDoc with Dean_connector from Schlib1.SchLib
Replace Part D? Diode in C:\Users\User\Documents\MYUTM\Robocon\Electronics\ValvDriver\PCB_Project\Sheet2.SchDoc with Diode from Schlib1.SchLib
Replace Part H1 Header_Power in C:\Users\User\Documents\MYUTM\Robocon\Electronics\ValvDriver\PCB_Project\Sheet2.SchDoc with Header_Power from Schlib1.SchLib
Replace Part H2 Header_Power in C:\Users\User\Documents\MYUTM\Robocon\Electronics\ValvDriver\PCB_Project\Sheet2.SchDoc with Header_Power from Schlib1.SchLib
Replace Part H3 Header_Power in C:\Users\User\Documents\MYUTM\Robocon\Electronics\ValvDriver\PCB_Project\Sheet2.SchDoc with Header_Power from Schlib1.SchLib
Replace Part LED2 LED in C:\Users\User\Documents\MYUTM\Robocon\Electronics\ValvDriver\PCB_Project\Sheet2.SchDoc with LED from Schlib1.SchLib
Replace Part LED3 LED in C:\Users\User\Documents\MYUTM\Robocon\Electronics\ValvDriver\PCB_Project\Sheet2.SchDoc with LED from Schlib1.SchLib
Replace Part LED? LED in C:\Users\User\Documents\MYUTM\Robocon\Electronics\ValvDriver\PCB_Project\Sheet2.SchDoc with LED from Schlib1.SchLib
Replace Part MOSFET MOSFET in C:\Users\User\Documents\MYUTM\Robocon\Electronics\ValvDriver\PCB_Project\Sheet2.SchDoc with MOSFET from Schlib1.SchLib
Replace Part MOSFET3 MOSFET in C:\Users\User\Documents\MYUTM\Robocon\Electronics\ValvDriver\PCB_Project\Sheet2.SchDoc with MOSFET from Schlib1.SchLib
Replace Part MOSFET? MOSFET in C:\Users\User\Documents\MYUTM\Robocon\Electronics\ValvDriver\PCB_Project\Sheet2.SchDoc with MOSFET from Schlib1.SchLib
Replace Part OPT1 Optocoupler in C:\Users\User\Documents\MYUTM\Robocon\Electronics\ValvDriver\PCB_Project\Sheet2.SchDoc with Optocoupler from Schlib1.SchLib
Replace Part OPT2 Optocoupler in C:\Users\User\Documents\MYUTM\Robocon\Electronics\ValvDriver\PCB_Project\Sheet2.SchDoc with Optocoupler from Schlib1.SchLib
Replace Part OPT3 Optocoupler in C:\Users\User\Documents\MYUTM\Robocon\Electronics\ValvDriver\PCB_Project\Sheet2.SchDoc with Optocoupler from Schlib1.SchLib
Replace Part PB1 Push_Button in C:\Users\User\Documents\MYUTM\Robocon\Electronics\ValvDriver\PCB_Project\Sheet2.SchDoc with Push_Button from Schlib1.SchLib
Replace Part PB2 Push_Button in C:\Users\User\Documents\MYUTM\Robocon\Electronics\ValvDriver\PCB_Project\Sheet2.SchDoc with Push_Button from Schlib1.SchLib
Replace Part PB3 Push_Button in C:\Users\User\Documents\MYUTM\Robocon\Electronics\ValvDriver\PCB_Project\Sheet2.SchDoc with Push_Button from Schlib1.SchLib
