Change Component Footprint: Designator=D1 Old Footprint=TH_resistor - duplicate New Footprint=TH_Diode
Change Component Footprint: Designator=D2 Old Footprint=TH_resistor - duplicate New Footprint=TH_Diode
Change Component Footprint: Designator=D3 Old Footprint=TH_resistor - duplicate New Footprint=TH_Diode
Change Component Footprint: Designator=D4 Old Footprint=TH_resistor - duplicate New Footprint=TH_Diode
Change Component Footprint: Designator=R1 Old Footprint=TH_resistor - duplicate New Footprint=TH_resistor
Change Component Footprint: Designator=R2 Old Footprint=TH_resistor - duplicate New Footprint=TH_resistor
Change Component Footprint: Designator=R3 Old Footprint=TH_resistor - duplicate New Footprint=TH_resistor
Change Component Footprint: Designator=R4 Old Footprint=TH_resistor - duplicate New Footprint=TH_resistor
Added Pin To Net: NetName=NetC1_1 Pin=D1-1
Added Pin To Net: NetName=NetB_C_1 Pin=D1-2
Added Pin To Net: NetName=NetC2_1 Pin=D2-1
Added Pin To Net: NetName=NetB_C_1 Pin=D2-2
Added Pin To Net: NetName=NetC3_1 Pin=D3-1
Added Pin To Net: NetName=NetB_C_1 Pin=D3-2
Added Pin To Net: NetName=NetC4_1 Pin=D4-1
Added Pin To Net: NetName=NetB_C_1 Pin=D4-2
Added Pin To Net: NetName=NetESP1_8 Pin=R1-1
Added Pin To Net: NetName=NetMSFT1_3 Pin=R1-2
Added Pin To Net: NetName=NetESP1_9 Pin=R2-1
Added Pin To Net: NetName=NetMSFT2_3 Pin=R2-2
Added Pin To Net: NetName=NetESP1_10 Pin=R3-1
Added Pin To Net: NetName=NetMSFT3_3 Pin=R3-2
Added Pin To Net: NetName=NetESP1_11 Pin=R4-1
Added Pin To Net: NetName=NetMSFT4_3 Pin=R4-2
