Replace Part B1 PowerConnector in C:\Users\User\Documents\MYUTM\Robocon\Electronics\ValvDriver\SkyRacer_V2.0\Schematic.SchDoc with PowerConnector from SkySCHLIB.SchLib
Replace Part B_C Boost_converter in C:\Users\User\Documents\MYUTM\Robocon\Electronics\ValvDriver\SkyRacer_V2.0\Schematic.SchDoc with Boost_converter from SkySCHLIB.SchLib
Replace Part C1 Capacitor in C:\Users\User\Documents\MYUTM\Robocon\Electronics\ValvDriver\SkyRacer_V2.0\Schematic.SchDoc with Capacitor from SkySCHLIB.SchLib
Replace Part C2 Capacitor in C:\Users\User\Documents\MYUTM\Robocon\Electronics\ValvDriver\SkyRacer_V2.0\Schematic.SchDoc with Capacitor from SkySCHLIB.SchLib
Replace Part C3 Capacitor in C:\Users\User\Documents\MYUTM\Robocon\Electronics\ValvDriver\SkyRacer_V2.0\Schematic.SchDoc with Capacitor from SkySCHLIB.SchLib
Replace Part C4 Capacitor in C:\Users\User\Documents\MYUTM\Robocon\Electronics\ValvDriver\SkyRacer_V2.0\Schematic.SchDoc with Capacitor from SkySCHLIB.SchLib
Replace Part D1 1N4007 in C:\Users\User\Documents\MYUTM\Robocon\Electronics\ValvDriver\SkyRacer_V2.0\Schematic.SchDoc with 1N4007 from SkySCHLIB.SchLib
Replace Part D2 1N4007 in C:\Users\User\Documents\MYUTM\Robocon\Electronics\ValvDriver\SkyRacer_V2.0\Schematic.SchDoc with 1N4007 from SkySCHLIB.SchLib
Replace Part D3 1N4007 in C:\Users\User\Documents\MYUTM\Robocon\Electronics\ValvDriver\SkyRacer_V2.0\Schematic.SchDoc with 1N4007 from SkySCHLIB.SchLib
Replace Part D4 1N4007 in C:\Users\User\Documents\MYUTM\Robocon\Electronics\ValvDriver\SkyRacer_V2.0\Schematic.SchDoc with 1N4007 from SkySCHLIB.SchLib
Replace Part ESP1 ESP32-S3 in C:\Users\User\Documents\MYUTM\Robocon\Electronics\ValvDriver\SkyRacer_V2.0\Schematic.SchDoc with ESP32-S3 from SkySCHLIB.SchLib
Replace Part IMU1 MPU6050 in C:\Users\User\Documents\MYUTM\Robocon\Electronics\ValvDriver\SkyRacer_V2.0\Schematic.SchDoc with MPU6050 from SkySCHLIB.SchLib
Replace Part M1 Motor_Terminal in C:\Users\User\Documents\MYUTM\Robocon\Electronics\ValvDriver\SkyRacer_V2.0\Schematic.SchDoc with Motor_Terminal from SkySCHLIB.SchLib
Replace Part M2 Motor_Terminal in C:\Users\User\Documents\MYUTM\Robocon\Electronics\ValvDriver\SkyRacer_V2.0\Schematic.SchDoc with Motor_Terminal from SkySCHLIB.SchLib
Replace Part M3 Motor_Terminal in C:\Users\User\Documents\MYUTM\Robocon\Electronics\ValvDriver\SkyRacer_V2.0\Schematic.SchDoc with Motor_Terminal from SkySCHLIB.SchLib
Replace Part M4 Motor_Terminal in C:\Users\User\Documents\MYUTM\Robocon\Electronics\ValvDriver\SkyRacer_V2.0\Schematic.SchDoc with Motor_Terminal from SkySCHLIB.SchLib
Replace Part MSFT1 IRLZ44N in C:\Users\User\Documents\MYUTM\Robocon\Electronics\ValvDriver\SkyRacer_V2.0\Schematic.SchDoc with IRLZ44N from SkySCHLIB.SchLib
Replace Part MSFT2 IRLZ44N in C:\Users\User\Documents\MYUTM\Robocon\Electronics\ValvDriver\SkyRacer_V2.0\Schematic.SchDoc with IRLZ44N from SkySCHLIB.SchLib
Replace Part MSFT3 IRLZ44N in C:\Users\User\Documents\MYUTM\Robocon\Electronics\ValvDriver\SkyRacer_V2.0\Schematic.SchDoc with IRLZ44N from SkySCHLIB.SchLib
Replace Part MSFT4 IRLZ44N in C:\Users\User\Documents\MYUTM\Robocon\Electronics\ValvDriver\SkyRacer_V2.0\Schematic.SchDoc with IRLZ44N from SkySCHLIB.SchLib
Replace Part R1 R_10K in C:\Users\User\Documents\MYUTM\Robocon\Electronics\ValvDriver\SkyRacer_V2.0\Schematic.SchDoc with R_10K from SkySCHLIB.SchLib
Replace Part R2 R_10K in C:\Users\User\Documents\MYUTM\Robocon\Electronics\ValvDriver\SkyRacer_V2.0\Schematic.SchDoc with R_10K from SkySCHLIB.SchLib
Replace Part R3 R_10K in C:\Users\User\Documents\MYUTM\Robocon\Electronics\ValvDriver\SkyRacer_V2.0\Schematic.SchDoc with R_10K from SkySCHLIB.SchLib
Replace Part R4 R_10K in C:\Users\User\Documents\MYUTM\Robocon\Electronics\ValvDriver\SkyRacer_V2.0\Schematic.SchDoc with R_10K from SkySCHLIB.SchLib
